[01-12-19 11:16:02 INFO] Running numpy_ex...
[01-12-19 11:16:02 INFO] Function numpy_ex finished in 0.00028896331787109375s
[01-12-19 11:16:02 INFO] Running numpy_ex...
[01-12-19 11:16:02 INFO] Running numpy_ex...
[01-12-19 11:16:02 INFO] Function numpy_ex finished in 2.2172927856445312e-05s
[01-12-19 11:16:02 INFO] Function numpy_ex finished in 2.2172927856445312e-05s
[01-12-19 11:16:26 INFO] Running numpy_ex...
[01-12-19 11:16:26 INFO] Function numpy_ex finished in 0.00030517578125s
[01-12-19 11:16:26 INFO] Running numpy_ex_where...
[01-12-19 11:16:26 INFO] Running numpy_ex_where...
[01-12-19 11:16:48 INFO] Running numpy_ex...
[01-12-19 11:16:48 INFO] Function numpy_ex finished in 0.00028967857360839844s
[01-12-19 11:16:48 INFO] Running numpy_ex_where...
[01-12-19 11:16:48 INFO] Running numpy_ex_where...
[01-12-19 11:17:03 INFO] Running numpy_ex...
[01-12-19 11:17:03 INFO] Function numpy_ex finished in 0.00030493736267089844s
[01-12-19 11:17:03 INFO] Running numpy_ex_where...
[01-12-19 11:17:03 INFO] Running numpy_ex_where...
[01-12-19 11:17:03 INFO] Function numpy_ex_where finished in 0.0002410411834716797s
[01-12-19 11:17:03 INFO] Function numpy_ex_where finished in 0.0002410411834716797s
[01-12-19 11:17:34 INFO] Running numpy_ex...
[01-12-19 11:17:34 INFO] Function numpy_ex finished in 0.03458285331726074s
[01-12-19 11:17:34 INFO] Running numpy_ex_where...
[01-12-19 11:17:34 INFO] Running numpy_ex_where...
[01-12-19 11:17:34 INFO] Function numpy_ex_where finished in 0.020125865936279297s
[01-12-19 11:17:34 INFO] Function numpy_ex_where finished in 0.020125865936279297s
[01-12-19 11:17:52 INFO] Running numpy_ex...
[01-12-19 11:17:52 INFO] Function numpy_ex finished in 0.02320575714111328s
[01-12-19 11:17:52 INFO] Running numpy_ex_where...
[01-12-19 11:17:52 INFO] Running numpy_ex_where...
[01-12-19 11:17:52 INFO] Function numpy_ex_where finished in 0.019789934158325195s
[01-12-19 11:17:52 INFO] Function numpy_ex_where finished in 0.019789934158325195s
[01-12-19 11:18:03 INFO] Running numpy_ex...
[01-12-19 11:18:39 INFO] Function numpy_ex finished in 36.1100537776947s
[01-12-19 11:18:39 INFO] Running numpy_ex_where...
[01-12-19 11:18:39 INFO] Running numpy_ex_where...
[01-12-19 11:19:27 INFO] Function numpy_ex_where finished in 47.27998089790344s
[01-12-19 11:19:27 INFO] Function numpy_ex_where finished in 47.27998089790344s
[01-12-19 11:22:07 INFO] Running numpy_ex...
[01-12-19 11:22:09 INFO] Function numpy_ex finished in 1.9732592105865479s
[01-12-19 11:22:09 INFO] Running numpy_ex_where...
[01-12-19 11:22:11 INFO] Function numpy_ex_where finished in 2.177665948867798s
[01-12-19 11:22:29 INFO] Running numpy_ex_where...
[01-12-19 11:22:31 INFO] Function numpy_ex_where finished in 2.212327003479004s
[01-12-19 11:22:31 INFO] Running numpy_ex...
[01-12-19 11:22:33 INFO] Function numpy_ex finished in 1.9552979469299316s
[01-12-19 11:23:26 INFO] Running numpy_ex_where...
[01-12-19 11:23:33 INFO] Function numpy_ex_where finished in 6.762681722640991s
[01-12-19 11:23:33 INFO] Running numpy_ex...
[01-12-19 11:23:39 INFO] Function numpy_ex finished in 5.886756896972656s
[01-12-19 11:23:53 INFO] Running numpy_ex_where...
[01-12-19 11:24:00 INFO] Function numpy_ex_where finished in 7.23383092880249s
[01-12-19 11:24:00 INFO] Running numpy_ex...
[01-12-19 11:24:06 INFO] Function numpy_ex finished in 5.991404056549072s
[01-12-19 11:25:06 INFO] Running numpy_ex_where...
[01-12-19 11:25:06 INFO] Running numpy_ex_where...
[01-12-19 11:25:14 INFO] Function numpy_ex_where finished in 7.905090093612671s
[01-12-19 11:25:14 INFO] Function numpy_ex_where finished in 7.905090093612671s
[01-12-19 11:25:14 INFO] Running numpy_ex...
[01-12-19 11:25:14 INFO] Running numpy_ex...
[01-12-19 11:25:14 INFO] Running numpy_ex...
[01-12-19 11:25:20 INFO] Function numpy_ex finished in 6.02551794052124s
[01-12-19 11:25:20 INFO] Function numpy_ex finished in 6.02551794052124s
[01-12-19 11:25:20 INFO] Function numpy_ex finished in 6.02551794052124s
[01-12-19 11:38:34 INFO] Running numpy_ex_where...
[01-12-19 11:38:37 INFO] Function numpy_ex_where finished in 2.2510569095611572s
[01-12-19 11:38:37 INFO] Running numpy_ex...
[01-12-19 11:38:37 INFO] Running numpy_ex...
[01-12-19 11:38:39 INFO] Function numpy_ex finished in 1.951085090637207s
[01-12-19 11:38:39 INFO] Function numpy_ex finished in 1.951085090637207s
